<?xml version='1.0' encoding='UTF-8'?>
<testsuite hostname="Alexs-MBP" name="com.alextanhongpin.testingscala.JukeboxStorageServiceEasyMockSpec" tests="1" errors="0" failures="0" time="0.021">
                     <properties>
[...]
</properties>
                     <testcase classname="com.alextanhongpin.testingscala.JukeboxStorageServiceEasyMockSpec" name="A Jukebox Storage Service should use easy mock to mock out the DAO classes" time="0.021">
                                                 
                                               </testcase>
                     <system-out></system-out>
                     <system-err></system-err>
                   </testsuite>